  Running UnrealBuildTool: dotnet "..\..\Engine\Binaries\DotNET\UnrealBuildTool\UnrealBuildTool.dll" JohnWooEditor Win64 Development -Project="C:\Users\qwe_o\Documents\GitHub\med10.1\JohnWoo\JohnWoo.uproject" -WaitMutex -FromMsBuild
  Log file: C:\Users\qwe_o\AppData\Local\UnrealBuildTool\Log.txt
  Using 'git status' to determine working set for adaptive non-unity build (C:\Users\qwe_o\Documents\GitHub\med10.1).
  Invalidating makefile for JohnWooEditor (working set of source files changed)
  Parsing headers for JohnWooEditor
    Running Internal UnrealHeaderTool C:\Users\qwe_o\Documents\GitHub\med10.1\JohnWoo\JohnWoo.uproject C:\Users\qwe_o\Documents\GitHub\med10.1\JohnWoo\Intermediate\Build\Win64\JohnWooEditor\Development\JohnWooEditor.uhtmanifest -WarningsAsErrors -installed
  Total of 0 written
  Reflection code generated for JohnWooEditor in 1.1848489 seconds
  Building JohnWooEditor...
  Using Visual Studio 2022 14.29.30148 toolchain (C:\Program Files\Microsoft Visual Studio\2022\Community\VC\Tools\MSVC\14.29.30133) and Windows 10.0.22621.0 SDK (C:\Program Files (x86)\Windows Kits\10).
  [Upgrade]
  [Upgrade] Using backward-compatible include order. The latest version of UE has changed the order of includes, which may require code changes. The current setting is:
  [Upgrade]     IncludeOrderVersion = EngineIncludeOrderVersion.Unreal5_0
  [Upgrade] Suppress this message by setting 'IncludeOrderVersion = EngineIncludeOrderVersion.Unreal5_1;' in JohnWooEditor.Target.cs.
  [Upgrade] Alternatively you can set this to 'EngineIncludeOrderVersion.Latest' to always use the latest include order. This will potentially cause compile errors when integrating new versions of the engine.
  [Upgrade]
  [Adaptive Build] Excluded from JohnWoo unity file: LoggingSubsystem.cpp, Movement.cpp, ProjectileDaddy.cpp, SC_ThrustingReader.cpp, SS_MotionController.cpp
  Determining max actions to execute in parallel (6 physical cores, 12 logical cores)
    Executing up to 6 processes, one per physical core
    Requested 1.5 GB free memory per action, 3.05 GB available: limiting max parallel actions to 2
  Distributing 9 actions to XGE
  --------------------Build System Warning---------------------------------------
  License is invalid:
      License information is invalid. Please try reloading your license file using the Coordinator Monitor application on the Coordinator machine, or reinstall IncrediBuild.
      This build will run in standalone mode.
  
  -------------------------------------------------------------------------------
  
  Build ID: {D5F2A251-BB8E-4DEE-9E72-BBB7D85DC4BD}
  
  --------------------Project: Default-------------------------------------------
  [1/9] Enemy.gen.cpp (0:00.87 at +0:00)
  [2/9] LoggingSubsystem.gen.cpp (0:00.86 at +0:00)
  [3/9] SS_MotionController.cpp (0:02.34 at +0:01)
C:\Users\qwe_o\Documents\GitHub\med10.1\JohnWoo\Source\JohnWoo\SS_MotionController.cpp(7): error C2006: '#include': expected "FILENAME" or <FILENAME>
C:\Users\qwe_o\Documents\GitHub\med10.1\JohnWoo\Source\JohnWoo\SS_MotionController.cpp(7): fatal error C1083: Cannot open include file: '': No such file or directory
  
  Error executing C:\Program Files\Microsoft Visual Studio\2022\Community\VC\Tools\MSVC\14.29.30133\bin\HostX64\x64\cl.exe (tool returned code: 2)
  [4/9] LoggingSubsystem.cpp (0:00.62 at +0:04)
C:\Users\qwe_o\Documents\GitHub\med10.1\JohnWoo\Source\JohnWoo\LoggingSubsystem.cpp(71): error C2065: 'thrust': undeclared identifier
  
  Error executing C:\Program Files\Microsoft Visual Studio\2022\Community\VC\Tools\MSVC\14.29.30133\bin\HostX64\x64\cl.exe (tool returned code: 2)
  [5/9] Enemy.cpp (0:01.78 at +0:04)
  [6/9] A_PlayerPistol.cpp (0:03.25 at +0:06)
  ---------------------- Done ----------------------
  
      Rebuild All: 0 succeeded, 1 failed, 0 skipped
  
  1 build system warning(s):
     - License is invalid
  
C:\Program Files\Microsoft Visual Studio\2022\Community\MSBuild\Microsoft\VC\v170\Microsoft.MakeFile.Targets(44,5): error MSB3073: The command ""C:\Program Files\Epic Games\UE_5.1\Engine\Build\BatchFiles\Build.bat" JohnWooEditor Win64 Development -Project="C:\Users\qwe_o\Documents\GitHub\med10.1\JohnWoo\JohnWoo.uproject" -WaitMutex -FromMsBuild" exited with code 6.
